<?xml version="1.0" encoding="UTF-8"?>
<testng-results skipped="0" failed="0" ignored="0" total="2" passed="2">
  <reporter-output>
    <line>
      <![CDATA[2]]>
    </line>
    <line>
      <![CDATA[1]]>
    </line>
  </reporter-output>
  <suite name="Suite" duration-ms="67" started-at="2019-02-11T18:25:22Z" finished-at="2019-02-11T18:25:22Z">
    <groups>
    </groups>
    <test name="Test" duration-ms="67" started-at="2019-02-11T18:25:22Z" finished-at="2019-02-11T18:25:22Z">
      <class name="pack1.Test2">
        <test-method status="PASS" signature="login()[pri:0, instance:pack1.Test2@7c16905e]" name="login" duration-ms="18" started-at="2019-02-11T18:25:22Z" finished-at="2019-02-11T18:25:22Z">
          <reporter-output>
            <line>
              <![CDATA[2]]>
            </line>
          </reporter-output>
        </test-method> <!-- login -->
      </class> <!-- pack1.Test2 -->
      <class name="pack1.Test1">
        <test-method status="PASS" signature="Login()[pri:0, instance:pack1.Test1@20e2cbe0]" name="Login" duration-ms="2" started-at="2019-02-11T18:25:22Z" finished-at="2019-02-11T18:25:22Z">
          <reporter-output>
            <line>
              <![CDATA[1]]>
            </line>
          </reporter-output>
        </test-method> <!-- Login -->
      </class> <!-- pack1.Test1 -->
    </test> <!-- Test -->
  </suite> <!-- Suite -->
</testng-results>
